<?xml version="1.0" encoding="UTF-8"?>
<!-- Generated by org.testng.reporters.JUnitReportReporter -->
<testsuite hostname="DESKTOP-47I2M5I" failures="0" tests="14" name="Test.com.javaframework.LoginTest" time="139.776" errors="0" timestamp="2025-01-17T12:01:18 CST" skipped="0">
  <testcase classname="Test.com.javaframework.LoginTest" name="verifyLoginWithValidCredential" time="6.527"/>
  <system-out/>
  <testcase classname="Test.com.javaframework.LoginTest" name="verifyLoginWithValidCredential" time="10.975"/>
  <system-out/>
  <testcase classname="Test.com.javaframework.LoginTest" name="verifyLoginWithInValidCredential" time="5.601"/>
  <system-out/>
  <testcase classname="Test.com.javaframework.LoginTest" name="verifyLoginWithInValidCredential" time="9.507"/>
  <system-out/>
  <testcase classname="Test.com.javaframework.LoginTest" name="verifyLoginWithInValidEmailInvalidPassword" time="6.006"/>
  <system-out/>
  <testcase classname="Test.com.javaframework.LoginTest" name="verifyLoginWithInValidEmailInvalidPassword" time="8.630"/>
  <system-out/>
  <testcase classname="Test.com.javaframework.LoginTest" name="verifyLoginWithBlankEmailAndPassword" time="5.246"/>
  <system-out/>
  <testcase classname="Test.com.javaframework.LoginTest" name="verifyLoginWithBlankEmailAndPassword" time="9.335"/>
  <system-out/>
  <testcase classname="Test.com.javaframework.LoginTest" name="verifyLoginWithValidCredentialDP" time="14.705"/>
  <system-out/>
  <testcase classname="Test.com.javaframework.LoginTest" name="verifyLoginWithValidCredentialDP" time="11.038"/>
  <system-out/>
  <testcase classname="Test.com.javaframework.LoginTest" name="verifyLoginWithValidCredentialDP" time="15.049"/>
  <system-out/>
  <testcase classname="Test.com.javaframework.LoginTest" name="verifyLoginWithValidCredentialDP" time="14.868"/>
  <system-out/>
  <testcase classname="Test.com.javaframework.LoginTest" name="verifyLoginWithValidCredentialDP" time="11.241"/>
  <system-out/>
  <testcase classname="Test.com.javaframework.LoginTest" name="verifyLoginWithValidCredentialDP" time="11.048"/>
  <system-out/>
</testsuite> <!-- Test.com.javaframework.LoginTest -->
