<?xml version="1.0" encoding="UTF-8"?>
<!-- Generated by org.testng.reporters.JUnitReportReporter -->
<testsuite hostname="DESKTOP-47I2M5I" failures="0" tests="2" name="Test.com.javaframework.SelectProductTest" time="12.718" errors="0" timestamp="2025-01-17T15:14:41 CST" skipped="0">
  <testcase classname="Test.com.javaframework.SelectProductTest" name="verifyMonitorProductSelection" time="4.473"/>
  <system-out/>
  <testcase classname="Test.com.javaframework.SelectProductTest" name="verifyMonitorProductSelection" time="8.245"/>
  <system-out/>
</testsuite> <!-- Test.com.javaframework.SelectProductTest -->
