<?xml version="1.0" encoding="UTF-8"?>
<!-- Generated by org.testng.reporters.JUnitReportReporter -->
<testsuite hostname="DESKTOP-47I2M5I" failures="0" tests="3" name="Test.com.javaframework.Search" time="14.155" errors="0" timestamp="2025-01-15T22:22:16 CST" skipped="0">
  <testcase classname="Test.com.javaframework.Search" name="verifySearchWithValidProduct" time="4.915"/>
  <testcase classname="Test.com.javaframework.Search" name="verifySearchWithNoProduct" time="4.551"/>
  <testcase classname="Test.com.javaframework.Search" name="verifySearchWithInValidProduct" time="4.689"/>
</testsuite> <!-- Test.com.javaframework.Search -->
