<?xml version="1.0" encoding="UTF-8"?>
<!-- Generated by org.testng.reporters.JUnitReportReporter -->
<testsuite hostname="DESKTOP-47I2M5I" failures="0" tests="4" name="Test.com.javaframework.RegisterTest" time="32.929" errors="0" timestamp="2025-01-15T22:37:12 CST" skipped="0">
  <testcase classname="Test.com.javaframework.RegisterTest" name="verfiyRegisterAccountWithoutAnyDetails" time="5.624"/>
  <testcase classname="Test.com.javaframework.RegisterTest" name="verfiyRegisterAccountWithMandatoryFields" time="8.756"/>
  <testcase classname="Test.com.javaframework.RegisterTest" name="verfiyRegisterAccountWithAllFields" time="9.341"/>
  <testcase classname="Test.com.javaframework.RegisterTest" name="verfiyRegisterAccountWithExistingEmail" time="9.208"/>
</testsuite> <!-- Test.com.javaframework.RegisterTest -->
