<?xml version="1.0" encoding="UTF-8"?>
<!-- Generated by org.testng.reporters.JUnitReportReporter -->
<testsuite hostname="DESKTOP-47I2M5I" failures="0" tests="3" name="Test.com.javaframework.SearchTest" time="15.192" errors="0" timestamp="2025-01-17T10:44:27 CST" skipped="0">
  <testcase classname="Test.com.javaframework.SearchTest" name="verifySearchWithValidProduct" time="4.730"/>
  <system-out/>
  <testcase classname="Test.com.javaframework.SearchTest" name="verifySearchWithNoProduct" time="5.135"/>
  <system-out/>
  <testcase classname="Test.com.javaframework.SearchTest" name="verifySearchWithInValidProduct" time="5.327"/>
  <system-out/>
</testsuite> <!-- Test.com.javaframework.SearchTest -->
