<?xml version="1.0" encoding="UTF-8"?>
<!-- Generated by org.testng.reporters.JUnitReportReporter -->
<testsuite hostname="DESKTOP-47I2M5I" failures="0" tests="4" name="Test.com.javaframework.Register" time="32.164" errors="0" timestamp="2025-01-15T22:22:16 CST" skipped="0">
  <testcase classname="Test.com.javaframework.Register" name="verfiyRegisterAccountWithAllFields" time="7.564"/>
  <testcase classname="Test.com.javaframework.Register" name="verfiyRegisterAccountWithExistingEmail" time="9.359"/>
  <testcase classname="Test.com.javaframework.Register" name="verfiyRegisterAccountWithoutAnyDetails" time="6.960"/>
  <testcase classname="Test.com.javaframework.Register" name="verfiyRegisterAccountWithMandatoryFields" time="8.281"/>
</testsuite> <!-- Test.com.javaframework.Register -->
