<?xml version="1.0" encoding="UTF-8"?>
<!-- Generated by org.testng.reporters.JUnitReportReporter -->
<testsuite hostname="DESKTOP-47I2M5I" failures="0" tests="4" name="Test.com.javaframework.RegisterTest" time="29.926" errors="0" timestamp="2025-01-17T10:44:27 CST" skipped="0">
  <testcase classname="Test.com.javaframework.RegisterTest" name="verfiyRegisterAccountWithExistingEmail" time="9.999"/>
  <system-out/>
  <testcase classname="Test.com.javaframework.RegisterTest" name="verfiyRegisterAccountWithAllFields" time="7.426"/>
  <system-out/>
  <testcase classname="Test.com.javaframework.RegisterTest" name="verfiyRegisterAccountWithMandatoryFields" time="7.190"/>
  <system-out/>
  <testcase classname="Test.com.javaframework.RegisterTest" name="verfiyRegisterAccountWithoutAnyDetails" time="5.311"/>
  <system-out/>
</testsuite> <!-- Test.com.javaframework.RegisterTest -->
