<?xml version="1.0" encoding="UTF-8"?>
<!-- Generated by org.testng.reporters.JUnitReportReporter -->
<testsuite hostname="DESKTOP-47I2M5I" failures="0" tests="3" name="Test.com.javaframework.SearchTest" time="16.369" errors="0" timestamp="2025-01-15T22:37:12 CST" skipped="0">
  <testcase classname="Test.com.javaframework.SearchTest" name="verifySearchWithInValidProduct" time="6.195"/>
  <testcase classname="Test.com.javaframework.SearchTest" name="verifySearchWithNoProduct" time="4.451"/>
  <testcase classname="Test.com.javaframework.SearchTest" name="verifySearchWithValidProduct" time="5.723"/>
</testsuite> <!-- Test.com.javaframework.SearchTest -->
